2020-10-05 11:29:22.279  INFO 1352 --- [restartedMain] io.chetan.InMateServiceApplication       : Starting InMateServiceApplication on CHPAPATI-IN with PID 1352 (C:\WORKSPACE_MICRO_MY_PG_2020_AUG\INMATE_SERVICE\target\classes started by chpapati in C:\WORKSPACE_MICRO_MY_PG_2020_AUG\INMATE_SERVICE)
2020-10-05 11:29:22.309  INFO 1352 --- [restartedMain] io.chetan.InMateServiceApplication       : No active profile set, falling back to default profiles: default
2020-10-05 11:29:22.436  INFO 1352 --- [restartedMain] o.s.b.devtools.restart.ChangeableUrls    : The Class-Path manifest attribute in C:\Users\chpapati\.m2\repository\org\glassfish\jaxb\jaxb-runtime\2.3.2\jaxb-runtime-2.3.2.jar referenced one or more files that do not exist: file:/C:/Users/chpapati/.m2/repository/org/glassfish/jaxb/jaxb-runtime/2.3.2/jakarta.xml.bind-api-2.3.2.jar,file:/C:/Users/chpapati/.m2/repository/org/glassfish/jaxb/jaxb-runtime/2.3.2/txw2-2.3.2.jar,file:/C:/Users/chpapati/.m2/repository/org/glassfish/jaxb/jaxb-runtime/2.3.2/istack-commons-runtime-3.0.8.jar,file:/C:/Users/chpapati/.m2/repository/org/glassfish/jaxb/jaxb-runtime/2.3.2/stax-ex-1.8.1.jar,file:/C:/Users/chpapati/.m2/repository/org/glassfish/jaxb/jaxb-runtime/2.3.2/FastInfoset-1.2.16.jar,file:/C:/Users/chpapati/.m2/repository/org/glassfish/jaxb/jaxb-runtime/2.3.2/jakarta.activation-api-1.2.1.jar
2020-10-05 11:29:22.438  INFO 1352 --- [restartedMain] .e.DevToolsPropertyDefaultsPostProcessor : Devtools property defaults active! Set 'spring.devtools.add-properties' to 'false' to disable
2020-10-05 11:29:22.439  INFO 1352 --- [restartedMain] .e.DevToolsPropertyDefaultsPostProcessor : For additional web related logging consider setting the 'logging.level.web' property to 'DEBUG'
2020-10-05 11:29:23.897  INFO 1352 --- [restartedMain] .s.d.r.c.RepositoryConfigurationDelegate : Bootstrapping Spring Data JPA repositories in DEFAULT mode.
2020-10-05 11:29:24.038  INFO 1352 --- [restartedMain] .s.d.r.c.RepositoryConfigurationDelegate : Finished Spring Data repository scanning in 122ms. Found 1 JPA repository interfaces.
2020-10-05 11:29:25.841  INFO 1352 --- [restartedMain] o.s.b.w.embedded.tomcat.TomcatWebServer  : Tomcat initialized with port(s): 8084 (http)
2020-10-05 11:29:25.864  INFO 1352 --- [restartedMain] o.apache.catalina.core.StandardService   : Starting service [Tomcat]
2020-10-05 11:29:25.865  INFO 1352 --- [restartedMain] org.apache.catalina.core.StandardEngine  : Starting Servlet engine: [Apache Tomcat/9.0.33]
2020-10-05 11:29:26.106  INFO 1352 --- [restartedMain] o.a.c.c.C.[Tomcat].[localhost].[/]       : Initializing Spring embedded WebApplicationContext
2020-10-05 11:29:26.107  INFO 1352 --- [restartedMain] o.s.web.context.ContextLoader            : Root WebApplicationContext: initialization completed in 3668 ms
2020-10-05 11:29:26.498  INFO 1352 --- [restartedMain] o.hibernate.jpa.internal.util.LogHelper  : HHH000204: Processing PersistenceUnitInfo [name: default]
2020-10-05 11:29:26.821  INFO 1352 --- [restartedMain] org.hibernate.Version                    : HHH000412: Hibernate ORM core version 5.4.12.Final
2020-10-05 11:29:27.241  INFO 1352 --- [restartedMain] o.hibernate.annotations.common.Version   : HCANN000001: Hibernate Commons Annotations {5.1.0.Final}
2020-10-05 11:29:27.506  INFO 1352 --- [restartedMain] com.zaxxer.hikari.HikariDataSource       : HikariPool-1 - Starting...
2020-10-05 11:29:27.512  WARN 1352 --- [restartedMain] com.zaxxer.hikari.util.DriverDataSource  : Registered driver with driverClassName=org.hsqldb.jdbcDriver was not found, trying direct instantiation.
2020-10-05 11:29:27.930  INFO 1352 --- [restartedMain] com.zaxxer.hikari.pool.PoolBase          : HikariPool-1 - Driver does not support get/set network timeout for connections. (feature not supported)
2020-10-05 11:29:27.933  INFO 1352 --- [restartedMain] com.zaxxer.hikari.HikariDataSource       : HikariPool-1 - Start completed.
2020-10-05 11:29:27.999  INFO 1352 --- [restartedMain] org.hibernate.dialect.Dialect            : HHH000400: Using dialect: org.hibernate.dialect.HSQLDialect
2020-10-05 11:29:29.471  INFO 1352 --- [restartedMain] o.h.e.t.j.p.i.JtaPlatformInitiator       : HHH000490: Using JtaPlatform implementation: [org.hibernate.engine.transaction.jta.platform.internal.NoJtaPlatform]
2020-10-05 11:29:29.488  INFO 1352 --- [restartedMain] j.LocalContainerEntityManagerFactoryBean : Initialized JPA EntityManagerFactory for persistence unit 'default'
2020-10-05 11:29:29.512  WARN 1352 --- [restartedMain] o.s.b.d.a.OptionalLiveReloadServer       : Unable to start LiveReload server
2020-10-05 11:29:30.287  WARN 1352 --- [restartedMain] JpaBaseConfiguration$JpaWebConfiguration : spring.jpa.open-in-view is enabled by default. Therefore, database queries may be performed during view rendering. Explicitly configure spring.jpa.open-in-view to disable this warning
2020-10-05 11:29:30.517  INFO 1352 --- [restartedMain] o.s.s.concurrent.ThreadPoolTaskExecutor  : Initializing ExecutorService 'applicationTaskExecutor'
2020-10-05 11:29:30.792  WARN 1352 --- [restartedMain] ion$DefaultTemplateResolverConfiguration : Cannot find template location: classpath:/templates/ (please add some templates or check your Thymeleaf configuration)
2020-10-05 11:29:31.234  INFO 1352 --- [restartedMain] o.s.b.w.embedded.tomcat.TomcatWebServer  : Tomcat started on port(s): 8084 (http) with context path ''
2020-10-05 11:29:31.238  INFO 1352 --- [restartedMain] io.chetan.InMateServiceApplication       : Started InMateServiceApplication in 9.773 seconds (JVM running for 11.18)
2020-10-05 11:35:02.833  INFO 1352 --- [http-nio-8084-exec-1] o.a.c.c.C.[Tomcat].[localhost].[/]       : Initializing Spring DispatcherServlet 'dispatcherServlet'
2020-10-05 11:35:02.835  INFO 1352 --- [http-nio-8084-exec-1] o.s.web.servlet.DispatcherServlet        : Initializing Servlet 'dispatcherServlet'
2020-10-05 11:35:02.982  INFO 1352 --- [http-nio-8084-exec-1] o.s.web.servlet.DispatcherServlet        : Completed initialization in 147 ms
2020-10-05 11:35:03.426  INFO 1352 --- [http-nio-8084-exec-1] io.chetan.controller.InMateController    : 
 IC -searchInMateByPhoneNumberAndPassword - with phone = 
1234567890
  psw = 
 1
2020-10-05 11:35:03.427  INFO 1352 --- [http-nio-8084-exec-1] io.chetan.service.InMateService          : 
 I.service -searchInMateByPhoneNumberAndPassword - with phone = 
1234567890
  psw = 
 1
2020-10-05 11:38:51.014  INFO 1352 --- [http-nio-8084-exec-6] io.chetan.controller.InMateController    : 
 IC -searchInMateByPhoneNumberAndPassword - with phone = 
1234567890
  psw = 
 1
2020-10-05 11:38:51.015  INFO 1352 --- [http-nio-8084-exec-6] io.chetan.service.InMateService          : 
 I.service -searchInMateByPhoneNumberAndPassword - with phone = 
1234567890
  psw = 
 1
2020-10-05 13:09:41.379  INFO 1352 --- [http-nio-8084-exec-1] io.chetan.controller.InMateController    : 
 IC -searchInMateByPhoneNumberAndPassword - with phone = 
1234567890
  psw = 
 1
2020-10-05 13:09:41.380  INFO 1352 --- [http-nio-8084-exec-1] io.chetan.service.InMateService          : 
 I.service -searchInMateByPhoneNumberAndPassword - with phone = 
1234567890
  psw = 
 1
2020-10-05 13:12:03.064  INFO 1352 --- [http-nio-8084-exec-1] io.chetan.controller.InMateController    : 
 IC -searchInMateByPhoneNumberAndPassword - with phone = 
1234567890
  psw = 
 1
2020-10-05 13:12:03.064  INFO 1352 --- [http-nio-8084-exec-1] io.chetan.service.InMateService          : 
 I.service -searchInMateByPhoneNumberAndPassword - with phone = 
1234567890
  psw = 
 1
2020-10-05 13:54:07.648  INFO 1352 --- [http-nio-8084-exec-5] io.chetan.controller.InMateController    : 
 IC -searchInMateByPhoneNumberAndPassword - with phone = 
1234567890
  psw = 
 1
2020-10-05 13:54:07.648  INFO 1352 --- [http-nio-8084-exec-5] io.chetan.service.InMateService          : 
 I.service -searchInMateByPhoneNumberAndPassword - with phone = 
1234567890
  psw = 
 1
2020-10-05 13:55:48.338  INFO 1352 --- [http-nio-8084-exec-6] io.chetan.controller.InMateController    : 
 IC -searchInMateByPhoneNumberAndPassword - with phone = 
1234567890
  psw = 
 1
2020-10-05 13:55:48.339  INFO 1352 --- [http-nio-8084-exec-6] io.chetan.service.InMateService          : 
 I.service -searchInMateByPhoneNumberAndPassword - with phone = 
1234567890
  psw = 
 1
2020-10-05 14:11:50.001  INFO 1352 --- [http-nio-8084-exec-2] io.chetan.controller.InMateController    : 
 IC -searchInMateByPhoneNumberAndPassword - with phone = 
1234567890
  psw = 
 1
2020-10-05 14:11:50.001  INFO 1352 --- [http-nio-8084-exec-2] io.chetan.service.InMateService          : 
 I.service -searchInMateByPhoneNumberAndPassword - with phone = 
1234567890
  psw = 
 1
2020-10-05 14:16:24.830  INFO 1352 --- [http-nio-8084-exec-4] io.chetan.controller.InMateController    : 
 IC -searchInMateByPhoneNumberAndPassword - with phone = 
1234567890
  psw = 
 1
2020-10-05 14:16:24.830  INFO 1352 --- [http-nio-8084-exec-4] io.chetan.service.InMateService          : 
 I.service -searchInMateByPhoneNumberAndPassword - with phone = 
1234567890
  psw = 
 1
2020-10-05 14:25:34.843  INFO 1352 --- [http-nio-8084-exec-6] io.chetan.controller.InMateController    : 
 IC -searchInMateByPhoneNumberAndPassword - with phone = 
1234567890
  psw = 
 1
2020-10-05 14:25:34.844  INFO 1352 --- [http-nio-8084-exec-6] io.chetan.service.InMateService          : 
 I.service -searchInMateByPhoneNumberAndPassword - with phone = 
1234567890
  psw = 
 1
2020-10-05 14:32:57.672  INFO 1352 --- [http-nio-8084-exec-8] io.chetan.controller.InMateController    : 
 IC -searchInMateByPhoneNumberAndPassword - with phone = 
1234567890
  psw = 
 1
2020-10-05 14:32:57.673  INFO 1352 --- [http-nio-8084-exec-8] io.chetan.service.InMateService          : 
 I.service -searchInMateByPhoneNumberAndPassword - with phone = 
1234567890
  psw = 
 1
2020-10-05 16:29:29.931  INFO 6100 --- [restartedMain] io.chetan.InMateServiceApplication       : Starting InMateServiceApplication on CHPAPATI-IN with PID 6100 (C:\WORKSPACE_MICRO_MY_PG_2020_AUG\INMATE_SERVICE\target\classes started by chpapati in C:\WORKSPACE_MICRO_MY_PG_2020_AUG\INMATE_SERVICE)
2020-10-05 16:29:29.936  INFO 6100 --- [restartedMain] io.chetan.InMateServiceApplication       : No active profile set, falling back to default profiles: default
2020-10-05 16:29:30.047  INFO 6100 --- [restartedMain] o.s.b.devtools.restart.ChangeableUrls    : The Class-Path manifest attribute in C:\Users\chpapati\.m2\repository\org\glassfish\jaxb\jaxb-runtime\2.3.2\jaxb-runtime-2.3.2.jar referenced one or more files that do not exist: file:/C:/Users/chpapati/.m2/repository/org/glassfish/jaxb/jaxb-runtime/2.3.2/jakarta.xml.bind-api-2.3.2.jar,file:/C:/Users/chpapati/.m2/repository/org/glassfish/jaxb/jaxb-runtime/2.3.2/txw2-2.3.2.jar,file:/C:/Users/chpapati/.m2/repository/org/glassfish/jaxb/jaxb-runtime/2.3.2/istack-commons-runtime-3.0.8.jar,file:/C:/Users/chpapati/.m2/repository/org/glassfish/jaxb/jaxb-runtime/2.3.2/stax-ex-1.8.1.jar,file:/C:/Users/chpapati/.m2/repository/org/glassfish/jaxb/jaxb-runtime/2.3.2/FastInfoset-1.2.16.jar,file:/C:/Users/chpapati/.m2/repository/org/glassfish/jaxb/jaxb-runtime/2.3.2/jakarta.activation-api-1.2.1.jar
2020-10-05 16:29:30.048  INFO 6100 --- [restartedMain] .e.DevToolsPropertyDefaultsPostProcessor : Devtools property defaults active! Set 'spring.devtools.add-properties' to 'false' to disable
2020-10-05 16:29:30.049  INFO 6100 --- [restartedMain] .e.DevToolsPropertyDefaultsPostProcessor : For additional web related logging consider setting the 'logging.level.web' property to 'DEBUG'
2020-10-05 16:29:31.535  INFO 6100 --- [restartedMain] .s.d.r.c.RepositoryConfigurationDelegate : Bootstrapping Spring Data JPA repositories in DEFAULT mode.
2020-10-05 16:29:31.685  INFO 6100 --- [restartedMain] .s.d.r.c.RepositoryConfigurationDelegate : Finished Spring Data repository scanning in 128ms. Found 1 JPA repository interfaces.
2020-10-05 16:29:33.952  INFO 6100 --- [restartedMain] o.s.b.w.embedded.tomcat.TomcatWebServer  : Tomcat initialized with port(s): 8084 (http)
2020-10-05 16:29:33.967  INFO 6100 --- [restartedMain] o.apache.catalina.core.StandardService   : Starting service [Tomcat]
2020-10-05 16:29:33.967  INFO 6100 --- [restartedMain] org.apache.catalina.core.StandardEngine  : Starting Servlet engine: [Apache Tomcat/9.0.33]
2020-10-05 16:29:34.264  INFO 6100 --- [restartedMain] o.a.c.c.C.[Tomcat].[localhost].[/]       : Initializing Spring embedded WebApplicationContext
2020-10-05 16:29:34.265  INFO 6100 --- [restartedMain] o.s.web.context.ContextLoader            : Root WebApplicationContext: initialization completed in 4216 ms
2020-10-05 16:29:34.699  INFO 6100 --- [restartedMain] o.hibernate.jpa.internal.util.LogHelper  : HHH000204: Processing PersistenceUnitInfo [name: default]
2020-10-05 16:29:34.913  INFO 6100 --- [restartedMain] org.hibernate.Version                    : HHH000412: Hibernate ORM core version 5.4.12.Final
2020-10-05 16:29:35.132  INFO 6100 --- [restartedMain] o.hibernate.annotations.common.Version   : HCANN000001: Hibernate Commons Annotations {5.1.0.Final}
2020-10-05 16:29:35.332  INFO 6100 --- [restartedMain] com.zaxxer.hikari.HikariDataSource       : HikariPool-1 - Starting...
2020-10-05 16:29:35.337  WARN 6100 --- [restartedMain] com.zaxxer.hikari.util.DriverDataSource  : Registered driver with driverClassName=org.hsqldb.jdbcDriver was not found, trying direct instantiation.
2020-10-05 16:29:35.709  INFO 6100 --- [restartedMain] com.zaxxer.hikari.pool.PoolBase          : HikariPool-1 - Driver does not support get/set network timeout for connections. (feature not supported)
2020-10-05 16:29:35.712  INFO 6100 --- [restartedMain] com.zaxxer.hikari.HikariDataSource       : HikariPool-1 - Start completed.
2020-10-05 16:29:35.751  INFO 6100 --- [restartedMain] org.hibernate.dialect.Dialect            : HHH000400: Using dialect: org.hibernate.dialect.HSQLDialect
2020-10-05 16:29:37.080  INFO 6100 --- [restartedMain] o.h.e.t.j.p.i.JtaPlatformInitiator       : HHH000490: Using JtaPlatform implementation: [org.hibernate.engine.transaction.jta.platform.internal.NoJtaPlatform]
2020-10-05 16:29:37.096  INFO 6100 --- [restartedMain] j.LocalContainerEntityManagerFactoryBean : Initialized JPA EntityManagerFactory for persistence unit 'default'
2020-10-05 16:29:37.117  WARN 6100 --- [restartedMain] o.s.b.d.a.OptionalLiveReloadServer       : Unable to start LiveReload server
2020-10-05 16:29:37.973  WARN 6100 --- [restartedMain] JpaBaseConfiguration$JpaWebConfiguration : spring.jpa.open-in-view is enabled by default. Therefore, database queries may be performed during view rendering. Explicitly configure spring.jpa.open-in-view to disable this warning
2020-10-05 16:29:38.392  INFO 6100 --- [restartedMain] o.s.s.concurrent.ThreadPoolTaskExecutor  : Initializing ExecutorService 'applicationTaskExecutor'
2020-10-05 16:29:38.750  WARN 6100 --- [restartedMain] ion$DefaultTemplateResolverConfiguration : Cannot find template location: classpath:/templates/ (please add some templates or check your Thymeleaf configuration)
2020-10-05 16:29:39.219  INFO 6100 --- [restartedMain] o.s.b.w.embedded.tomcat.TomcatWebServer  : Tomcat started on port(s): 8084 (http) with context path ''
2020-10-05 16:29:39.225  INFO 6100 --- [restartedMain] io.chetan.InMateServiceApplication       : Started InMateServiceApplication in 10.1 seconds (JVM running for 11.293)
2020-10-05 16:32:44.506  INFO 6100 --- [http-nio-8084-exec-1] o.a.c.c.C.[Tomcat].[localhost].[/]       : Initializing Spring DispatcherServlet 'dispatcherServlet'
2020-10-05 16:32:44.507  INFO 6100 --- [http-nio-8084-exec-1] o.s.web.servlet.DispatcherServlet        : Initializing Servlet 'dispatcherServlet'
2020-10-05 16:32:44.546  INFO 6100 --- [http-nio-8084-exec-1] o.s.web.servlet.DispatcherServlet        : Completed initialization in 33 ms
2020-10-05 16:32:45.073  INFO 6100 --- [http-nio-8084-exec-1] io.chetan.controller.InMateController    : 
 IC -searchInMateByPhoneNumberAndPassword - with phone = 
1234567890
  psw = 
 1
2020-10-05 16:32:45.077  INFO 6100 --- [http-nio-8084-exec-1] io.chetan.service.InMateService          : 
 I.service -searchInMateByPhoneNumberAndPassword - with phone = 
1234567890
  psw = 
 1
2020-10-05 16:33:55.033  INFO 6100 --- [http-nio-8084-exec-5] io.chetan.controller.InMateController    : 
 IC -searchInMateByPhoneNumberAndPassword - with phone = 
1234567890
  psw = 
 1
2020-10-05 16:33:55.034  INFO 6100 --- [http-nio-8084-exec-5] io.chetan.service.InMateService          : 
 I.service -searchInMateByPhoneNumberAndPassword - with phone = 
1234567890
  psw = 
 1
2020-10-05 16:38:01.928  INFO 6100 --- [http-nio-8084-exec-6] io.chetan.controller.InMateController    : 
 IC -searchInMateByPhoneNumberAndPassword - with phone = 
1234567890
  psw = 
 1
2020-10-05 16:38:01.929  INFO 6100 --- [http-nio-8084-exec-6] io.chetan.service.InMateService          : 
 I.service -searchInMateByPhoneNumberAndPassword - with phone = 
1234567890
  psw = 
 1
2020-10-05 16:40:04.355  INFO 6100 --- [http-nio-8084-exec-8] io.chetan.controller.InMateController    : 
 IC -searchInMateByPhoneNumberAndPassword - with phone = 
1234567890
  psw = 
 1
2020-10-05 16:40:04.356  INFO 6100 --- [http-nio-8084-exec-8] io.chetan.service.InMateService          : 
 I.service -searchInMateByPhoneNumberAndPassword - with phone = 
1234567890
  psw = 
 1
2020-10-05 17:58:55.293  INFO 6100 --- [http-nio-8084-exec-1] io.chetan.controller.InMateController    : 
 IC -searchInMateByPhoneNumberAndPassword - with phone = 
1234567890
  psw = 
 1
2020-10-05 17:58:55.294  INFO 6100 --- [http-nio-8084-exec-1] io.chetan.service.InMateService          : 
 I.service -searchInMateByPhoneNumberAndPassword - with phone = 
1234567890
  psw = 
 1
2020-10-05 19:02:41.603  INFO 6100 --- [http-nio-8084-exec-2] io.chetan.controller.InMateController    : 
 IC -searchInMateByPhoneNumberAndPassword - with phone = 
1234567890
  psw = 
 1
2020-10-05 19:02:41.604  INFO 6100 --- [http-nio-8084-exec-2] io.chetan.service.InMateService          : 
 I.service -searchInMateByPhoneNumberAndPassword - with phone = 
1234567890
  psw = 
 1
2020-10-05 19:04:44.800  INFO 6100 --- [http-nio-8084-exec-2] io.chetan.controller.InMateController    : 
 IC -searchInMateByPhoneNumberAndPassword - with phone = 
2345678901
  psw = 
 1
2020-10-05 19:04:44.801  INFO 6100 --- [http-nio-8084-exec-2] io.chetan.service.InMateService          : 
 I.service -searchInMateByPhoneNumberAndPassword - with phone = 
2345678901
  psw = 
 1
2020-10-05 19:07:20.975  INFO 6100 --- [http-nio-8084-exec-3] io.chetan.controller.InMateController    : 
 IC -searchInMateByPhoneNumberAndPassword - with phone = 
1234567890
  psw = 
 1
2020-10-05 19:07:20.976  INFO 6100 --- [http-nio-8084-exec-3] io.chetan.service.InMateService          : 
 I.service -searchInMateByPhoneNumberAndPassword - with phone = 
1234567890
  psw = 
 1
2020-10-05 19:12:15.352  WARN 6100 --- [http-nio-8084-exec-10] o.h.engine.jdbc.spi.SqlExceptionHelper   : SQL Warning Code: -1100, SQLState: 02000
2020-10-05 19:12:15.353  WARN 6100 --- [http-nio-8084-exec-10] o.h.engine.jdbc.spi.SqlExceptionHelper   : no data
2020-10-05 19:12:35.749  WARN 6100 --- [http-nio-8084-exec-9] o.h.engine.jdbc.spi.SqlExceptionHelper   : SQL Warning Code: -1100, SQLState: 02000
2020-10-05 19:12:35.750  WARN 6100 --- [http-nio-8084-exec-9] o.h.engine.jdbc.spi.SqlExceptionHelper   : no data
2020-10-05 19:22:35.983  INFO 6100 --- [http-nio-8084-exec-2] io.chetan.controller.InMateController    : 
 IC -searchInMateByPhoneNumberAndPassword - with phone = 
2222222222
  psw = 
 1
2020-10-05 19:22:35.985  INFO 6100 --- [http-nio-8084-exec-2] io.chetan.service.InMateService          : 
 I.service -searchInMateByPhoneNumberAndPassword - with phone = 
2222222222
  psw = 
 1
2020-10-05 19:22:40.042  INFO 6100 --- [http-nio-8084-exec-3] io.chetan.controller.InMateController    : 
 IC -searchInMateByPhoneNumberAndPassword - with phone = 
1234567890
  psw = 
 1
2020-10-05 19:22:40.042  INFO 6100 --- [http-nio-8084-exec-3] io.chetan.service.InMateService          : 
 I.service -searchInMateByPhoneNumberAndPassword - with phone = 
1234567890
  psw = 
 1
2020-10-05 19:33:35.332  INFO 6100 --- [http-nio-8084-exec-3] io.chetan.controller.InMateController    : 
 IC -searchInMateByPhoneNumberAndPassword - with phone = 
1234567890
  psw = 
 1
2020-10-05 19:33:35.333  INFO 6100 --- [http-nio-8084-exec-3] io.chetan.service.InMateService          : 
 I.service -searchInMateByPhoneNumberAndPassword - with phone = 
1234567890
  psw = 
 1
2020-10-05 19:33:35.433 ERROR 6100 --- [http-nio-8084-exec-3] o.a.c.c.C.[.[.[/].[dispatcherServlet]    : Servlet.service() for servlet [dispatcherServlet] in context with path [] threw exception [Request processing failed; nested exception is org.springframework.dao.IncorrectResultSizeDataAccessException: query did not return a unique result: 2; nested exception is javax.persistence.NonUniqueResultException: query did not return a unique result: 2] with root cause

javax.persistence.NonUniqueResultException: query did not return a unique result: 2
	at org.hibernate.internal.ExceptionConverterImpl.convert(ExceptionConverterImpl.java:128) ~[hibernate-core-5.4.12.Final.jar:5.4.12.Final]
	at org.hibernate.query.internal.AbstractProducedQuery.getSingleResult(AbstractProducedQuery.java:1585) ~[hibernate-core-5.4.12.Final.jar:5.4.12.Final]
	at org.hibernate.query.criteria.internal.compile.CriteriaQueryTypeQueryAdapter.getSingleResult(CriteriaQueryTypeQueryAdapter.java:111) ~[hibernate-core-5.4.12.Final.jar:5.4.12.Final]
	at org.springframework.data.jpa.repository.query.JpaQueryExecution$SingleEntityExecution.doExecute(JpaQueryExecution.java:196) ~[spring-data-jpa-2.2.6.RELEASE.jar:2.2.6.RELEASE]
	at org.springframework.data.jpa.repository.query.JpaQueryExecution.execute(JpaQueryExecution.java:88) ~[spring-data-jpa-2.2.6.RELEASE.jar:2.2.6.RELEASE]
	at org.springframework.data.jpa.repository.query.AbstractJpaQuery.doExecute(AbstractJpaQuery.java:154) ~[spring-data-jpa-2.2.6.RELEASE.jar:2.2.6.RELEASE]
	at org.springframework.data.jpa.repository.query.AbstractJpaQuery.execute(AbstractJpaQuery.java:142) ~[spring-data-jpa-2.2.6.RELEASE.jar:2.2.6.RELEASE]
	at org.springframework.data.repository.core.support.RepositoryFactorySupport$QueryExecutorMethodInterceptor.doInvoke(RepositoryFactorySupport.java:618) ~[spring-data-commons-2.2.6.RELEASE.jar:2.2.6.RELEASE]
	at org.springframework.data.repository.core.support.RepositoryFactorySupport$QueryExecutorMethodInterceptor.invoke(RepositoryFactorySupport.java:605) ~[spring-data-commons-2.2.6.RELEASE.jar:2.2.6.RELEASE]
	at org.springframework.aop.framework.ReflectiveMethodInvocation.proceed(ReflectiveMethodInvocation.java:186) ~[spring-aop-5.2.5.RELEASE.jar:5.2.5.RELEASE]
	at org.springframework.transaction.interceptor.TransactionAspectSupport.invokeWithinTransaction(TransactionAspectSupport.java:366) ~[spring-tx-5.2.5.RELEASE.jar:5.2.5.RELEASE]
	at org.springframework.transaction.interceptor.TransactionInterceptor.invoke(TransactionInterceptor.java:118) ~[spring-tx-5.2.5.RELEASE.jar:5.2.5.RELEASE]
	at org.springframework.aop.framework.ReflectiveMethodInvocation.proceed(ReflectiveMethodInvocation.java:186) ~[spring-aop-5.2.5.RELEASE.jar:5.2.5.RELEASE]
	at org.springframework.dao.support.PersistenceExceptionTranslationInterceptor.invoke(PersistenceExceptionTranslationInterceptor.java:139) ~[spring-tx-5.2.5.RELEASE.jar:5.2.5.RELEASE]
	at org.springframework.aop.framework.ReflectiveMethodInvocation.proceed(ReflectiveMethodInvocation.java:186) ~[spring-aop-5.2.5.RELEASE.jar:5.2.5.RELEASE]
	at org.springframework.data.jpa.repository.support.CrudMethodMetadataPostProcessor$CrudMethodMetadataPopulatingMethodInterceptor.invoke(CrudMethodMetadataPostProcessor.java:149) ~[spring-data-jpa-2.2.6.RELEASE.jar:2.2.6.RELEASE]
	at org.springframework.aop.framework.ReflectiveMethodInvocation.proceed(ReflectiveMethodInvocation.java:186) ~[spring-aop-5.2.5.RELEASE.jar:5.2.5.RELEASE]
	at org.springframework.aop.interceptor.ExposeInvocationInterceptor.invoke(ExposeInvocationInterceptor.java:95) ~[spring-aop-5.2.5.RELEASE.jar:5.2.5.RELEASE]
	at org.springframework.aop.framework.ReflectiveMethodInvocation.proceed(ReflectiveMethodInvocation.java:186) ~[spring-aop-5.2.5.RELEASE.jar:5.2.5.RELEASE]
	at org.springframework.aop.framework.JdkDynamicAopProxy.invoke(JdkDynamicAopProxy.java:212) ~[spring-aop-5.2.5.RELEASE.jar:5.2.5.RELEASE]
	at com.sun.proxy.$Proxy109.findByPhoneNumberAndPassword(Unknown Source) ~[na:na]
	at io.chetan.service.InMateService.searchInMateByPhoneNumberAndPassword(InMateService.java:92) ~[classes/:na]
	at io.chetan.controller.InMateController.searchInMateByPhoneNumberAndPassword(InMateController.java:115) ~[classes/:na]
	at sun.reflect.NativeMethodAccessorImpl.invoke0(Native Method) ~[na:1.8.0_241]
	at sun.reflect.NativeMethodAccessorImpl.invoke(NativeMethodAccessorImpl.java:62) ~[na:1.8.0_241]
	at sun.reflect.DelegatingMethodAccessorImpl.invoke(DelegatingMethodAccessorImpl.java:43) ~[na:1.8.0_241]
	at java.lang.reflect.Method.invoke(Method.java:498) ~[na:1.8.0_241]
	at org.springframework.web.method.support.InvocableHandlerMethod.doInvoke(InvocableHandlerMethod.java:190) ~[spring-web-5.2.5.RELEASE.jar:5.2.5.RELEASE]
	at org.springframework.web.method.support.InvocableHandlerMethod.invokeForRequest(InvocableHandlerMethod.java:138) ~[spring-web-5.2.5.RELEASE.jar:5.2.5.RELEASE]
	at org.springframework.web.servlet.mvc.method.annotation.ServletInvocableHandlerMethod.invokeAndHandle(ServletInvocableHandlerMethod.java:105) ~[spring-webmvc-5.2.5.RELEASE.jar:5.2.5.RELEASE]
	at org.springframework.web.servlet.mvc.method.annotation.RequestMappingHandlerAdapter.invokeHandlerMethod(RequestMappingHandlerAdapter.java:879) ~[spring-webmvc-5.2.5.RELEASE.jar:5.2.5.RELEASE]
	at org.springframework.web.servlet.mvc.method.annotation.RequestMappingHandlerAdapter.handleInternal(RequestMappingHandlerAdapter.java:793) ~[spring-webmvc-5.2.5.RELEASE.jar:5.2.5.RELEASE]
	at org.springframework.web.servlet.mvc.method.AbstractHandlerMethodAdapter.handle(AbstractHandlerMethodAdapter.java:87) ~[spring-webmvc-5.2.5.RELEASE.jar:5.2.5.RELEASE]
	at org.springframework.web.servlet.DispatcherServlet.doDispatch(DispatcherServlet.java:1040) ~[spring-webmvc-5.2.5.RELEASE.jar:5.2.5.RELEASE]
	at org.springframework.web.servlet.DispatcherServlet.doService(DispatcherServlet.java:943) ~[spring-webmvc-5.2.5.RELEASE.jar:5.2.5.RELEASE]
	at org.springframework.web.servlet.FrameworkServlet.processRequest(FrameworkServlet.java:1006) ~[spring-webmvc-5.2.5.RELEASE.jar:5.2.5.RELEASE]
	at org.springframework.web.servlet.FrameworkServlet.doGet(FrameworkServlet.java:898) ~[spring-webmvc-5.2.5.RELEASE.jar:5.2.5.RELEASE]
	at javax.servlet.http.HttpServlet.service(HttpServlet.java:634) ~[tomcat-embed-core-9.0.33.jar:9.0.33]
	at org.springframework.web.servlet.FrameworkServlet.service(FrameworkServlet.java:883) ~[spring-webmvc-5.2.5.RELEASE.jar:5.2.5.RELEASE]
	at javax.servlet.http.HttpServlet.service(HttpServlet.java:741) ~[tomcat-embed-core-9.0.33.jar:9.0.33]
	at org.apache.catalina.core.ApplicationFilterChain.internalDoFilter(ApplicationFilterChain.java:231) ~[tomcat-embed-core-9.0.33.jar:9.0.33]
	at org.apache.catalina.core.ApplicationFilterChain.doFilter(ApplicationFilterChain.java:166) ~[tomcat-embed-core-9.0.33.jar:9.0.33]
	at org.apache.tomcat.websocket.server.WsFilter.doFilter(WsFilter.java:53) ~[tomcat-embed-websocket-9.0.33.jar:9.0.33]
	at org.apache.catalina.core.ApplicationFilterChain.internalDoFilter(ApplicationFilterChain.java:193) ~[tomcat-embed-core-9.0.33.jar:9.0.33]
	at org.apache.catalina.core.ApplicationFilterChain.doFilter(ApplicationFilterChain.java:166) ~[tomcat-embed-core-9.0.33.jar:9.0.33]
	at org.springframework.web.filter.RequestContextFilter.doFilterInternal(RequestContextFilter.java:100) ~[spring-web-5.2.5.RELEASE.jar:5.2.5.RELEASE]
	at org.springframework.web.filter.OncePerRequestFilter.doFilter(OncePerRequestFilter.java:119) ~[spring-web-5.2.5.RELEASE.jar:5.2.5.RELEASE]
	at org.apache.catalina.core.ApplicationFilterChain.internalDoFilter(ApplicationFilterChain.java:193) ~[tomcat-embed-core-9.0.33.jar:9.0.33]
	at org.apache.catalina.core.ApplicationFilterChain.doFilter(ApplicationFilterChain.java:166) ~[tomcat-embed-core-9.0.33.jar:9.0.33]
	at org.springframework.web.filter.FormContentFilter.doFilterInternal(FormContentFilter.java:93) ~[spring-web-5.2.5.RELEASE.jar:5.2.5.RELEASE]
	at org.springframework.web.filter.OncePerRequestFilter.doFilter(OncePerRequestFilter.java:119) ~[spring-web-5.2.5.RELEASE.jar:5.2.5.RELEASE]
	at org.apache.catalina.core.ApplicationFilterChain.internalDoFilter(ApplicationFilterChain.java:193) ~[tomcat-embed-core-9.0.33.jar:9.0.33]
	at org.apache.catalina.core.ApplicationFilterChain.doFilter(ApplicationFilterChain.java:166) ~[tomcat-embed-core-9.0.33.jar:9.0.33]
	at org.springframework.web.filter.CharacterEncodingFilter.doFilterInternal(CharacterEncodingFilter.java:201) ~[spring-web-5.2.5.RELEASE.jar:5.2.5.RELEASE]
	at org.springframework.web.filter.OncePerRequestFilter.doFilter(OncePerRequestFilter.java:119) ~[spring-web-5.2.5.RELEASE.jar:5.2.5.RELEASE]
	at org.apache.catalina.core.ApplicationFilterChain.internalDoFilter(ApplicationFilterChain.java:193) ~[tomcat-embed-core-9.0.33.jar:9.0.33]
	at org.apache.catalina.core.ApplicationFilterChain.doFilter(ApplicationFilterChain.java:166) ~[tomcat-embed-core-9.0.33.jar:9.0.33]
	at org.apache.catalina.core.StandardWrapperValve.invoke(StandardWrapperValve.java:202) ~[tomcat-embed-core-9.0.33.jar:9.0.33]
	at org.apache.catalina.core.StandardContextValve.invoke(StandardContextValve.java:96) [tomcat-embed-core-9.0.33.jar:9.0.33]
	at org.apache.catalina.authenticator.AuthenticatorBase.invoke(AuthenticatorBase.java:541) [tomcat-embed-core-9.0.33.jar:9.0.33]
	at org.apache.catalina.core.StandardHostValve.invoke(StandardHostValve.java:139) [tomcat-embed-core-9.0.33.jar:9.0.33]
	at org.apache.catalina.valves.ErrorReportValve.invoke(ErrorReportValve.java:92) [tomcat-embed-core-9.0.33.jar:9.0.33]
	at org.apache.catalina.core.StandardEngineValve.invoke(StandardEngineValve.java:74) [tomcat-embed-core-9.0.33.jar:9.0.33]
	at org.apache.catalina.connector.CoyoteAdapter.service(CoyoteAdapter.java:343) [tomcat-embed-core-9.0.33.jar:9.0.33]
	at org.apache.coyote.http11.Http11Processor.service(Http11Processor.java:373) [tomcat-embed-core-9.0.33.jar:9.0.33]
	at org.apache.coyote.AbstractProcessorLight.process(AbstractProcessorLight.java:65) [tomcat-embed-core-9.0.33.jar:9.0.33]
	at org.apache.coyote.AbstractProtocol$ConnectionHandler.process(AbstractProtocol.java:868) [tomcat-embed-core-9.0.33.jar:9.0.33]
	at org.apache.tomcat.util.net.NioEndpoint$SocketProcessor.doRun(NioEndpoint.java:1594) [tomcat-embed-core-9.0.33.jar:9.0.33]
	at org.apache.tomcat.util.net.SocketProcessorBase.run(SocketProcessorBase.java:49) [tomcat-embed-core-9.0.33.jar:9.0.33]
	at java.util.concurrent.ThreadPoolExecutor.runWorker(ThreadPoolExecutor.java:1149) [na:1.8.0_241]
	at java.util.concurrent.ThreadPoolExecutor$Worker.run(ThreadPoolExecutor.java:624) [na:1.8.0_241]
	at org.apache.tomcat.util.threads.TaskThread$WrappingRunnable.run(TaskThread.java:61) [tomcat-embed-core-9.0.33.jar:9.0.33]
	at java.lang.Thread.run(Thread.java:748) [na:1.8.0_241]

2020-10-05 19:46:16.556  INFO 6100 --- [Thread-1] o.s.s.concurrent.ThreadPoolTaskExecutor  : Shutting down ExecutorService 'applicationTaskExecutor'
2020-10-05 19:46:16.558  INFO 6100 --- [Thread-1] j.LocalContainerEntityManagerFactoryBean : Closing JPA EntityManagerFactory for persistence unit 'default'
2020-10-05 19:46:16.712  INFO 6100 --- [Thread-1] com.zaxxer.hikari.HikariDataSource       : HikariPool-1 - Shutdown initiated...
2020-10-05 19:46:16.945  INFO 6100 --- [Thread-1] com.zaxxer.hikari.HikariDataSource       : HikariPool-1 - Shutdown completed.
2020-10-05 19:46:19.669  INFO 6100 --- [restartedMain] io.chetan.InMateServiceApplication       : Starting InMateServiceApplication on CHPAPATI-IN with PID 6100 (C:\WORKSPACE_MICRO_MY_PG_2020_AUG\INMATE_SERVICE\target\classes started by chpapati in C:\WORKSPACE_MICRO_MY_PG_2020_AUG\INMATE_SERVICE)
2020-10-05 19:46:19.671  INFO 6100 --- [restartedMain] io.chetan.InMateServiceApplication       : No active profile set, falling back to default profiles: default
2020-10-05 19:46:21.139  INFO 6100 --- [restartedMain] .s.d.r.c.RepositoryConfigurationDelegate : Bootstrapping Spring Data JPA repositories in DEFAULT mode.
2020-10-05 19:46:21.236  INFO 6100 --- [restartedMain] .s.d.r.c.RepositoryConfigurationDelegate : Finished Spring Data repository scanning in 96ms. Found 1 JPA repository interfaces.
2020-10-05 19:46:22.691  INFO 6100 --- [restartedMain] o.s.b.w.embedded.tomcat.TomcatWebServer  : Tomcat initialized with port(s): 8084 (http)
2020-10-05 19:46:22.694  INFO 6100 --- [restartedMain] o.apache.catalina.core.StandardService   : Starting service [Tomcat]
2020-10-05 19:46:22.695  INFO 6100 --- [restartedMain] org.apache.catalina.core.StandardEngine  : Starting Servlet engine: [Apache Tomcat/9.0.33]
2020-10-05 19:46:22.828  INFO 6100 --- [restartedMain] o.a.c.c.C.[Tomcat].[localhost].[/]       : Initializing Spring embedded WebApplicationContext
2020-10-05 19:46:22.829  INFO 6100 --- [restartedMain] o.s.web.context.ContextLoader            : Root WebApplicationContext: initialization completed in 3149 ms
2020-10-05 19:46:23.366  INFO 6100 --- [restartedMain] o.hibernate.jpa.internal.util.LogHelper  : HHH000204: Processing PersistenceUnitInfo [name: default]
2020-10-05 19:46:23.393  INFO 6100 --- [restartedMain] com.zaxxer.hikari.HikariDataSource       : HikariPool-2 - Starting...
2020-10-05 19:46:23.393  WARN 6100 --- [restartedMain] com.zaxxer.hikari.util.DriverDataSource  : Registered driver with driverClassName=org.hsqldb.jdbcDriver was not found, trying direct instantiation.
2020-10-05 19:46:23.458  INFO 6100 --- [restartedMain] com.zaxxer.hikari.pool.PoolBase          : HikariPool-2 - Driver does not support get/set network timeout for connections. (feature not supported)
2020-10-05 19:46:23.459  INFO 6100 --- [restartedMain] com.zaxxer.hikari.HikariDataSource       : HikariPool-2 - Start completed.
2020-10-05 19:46:23.460  INFO 6100 --- [restartedMain] org.hibernate.dialect.Dialect            : HHH000400: Using dialect: org.hibernate.dialect.HSQLDialect
2020-10-05 19:46:25.491  INFO 6100 --- [restartedMain] o.h.e.t.j.p.i.JtaPlatformInitiator       : HHH000490: Using JtaPlatform implementation: [org.hibernate.engine.transaction.jta.platform.internal.NoJtaPlatform]
2020-10-05 19:46:25.492  INFO 6100 --- [restartedMain] j.LocalContainerEntityManagerFactoryBean : Initialized JPA EntityManagerFactory for persistence unit 'default'
2020-10-05 19:46:25.718  WARN 6100 --- [restartedMain] o.s.b.d.a.OptionalLiveReloadServer       : Unable to start LiveReload server
2020-10-05 19:46:26.013  WARN 6100 --- [restartedMain] JpaBaseConfiguration$JpaWebConfiguration : spring.jpa.open-in-view is enabled by default. Therefore, database queries may be performed during view rendering. Explicitly configure spring.jpa.open-in-view to disable this warning
2020-10-05 19:46:26.870  INFO 6100 --- [restartedMain] o.s.s.concurrent.ThreadPoolTaskExecutor  : Initializing ExecutorService 'applicationTaskExecutor'
2020-10-05 19:46:27.824  WARN 6100 --- [restartedMain] ion$DefaultTemplateResolverConfiguration : Cannot find template location: classpath:/templates/ (please add some templates or check your Thymeleaf configuration)
2020-10-05 19:46:28.715  INFO 6100 --- [restartedMain] o.s.b.w.embedded.tomcat.TomcatWebServer  : Tomcat started on port(s): 8084 (http) with context path ''
2020-10-05 19:46:28.747  INFO 6100 --- [restartedMain] io.chetan.InMateServiceApplication       : Started InMateServiceApplication in 9.475 seconds (JVM running for 11820.815)
2020-10-05 19:46:28.772  INFO 6100 --- [restartedMain] .ConditionEvaluationDeltaLoggingListener : Condition evaluation unchanged
2020-10-05 19:53:02.751  INFO 6100 --- [http-nio-8084-exec-10] o.a.c.c.C.[Tomcat].[localhost].[/]       : Initializing Spring DispatcherServlet 'dispatcherServlet'
2020-10-05 19:53:02.753  INFO 6100 --- [http-nio-8084-exec-10] o.s.web.servlet.DispatcherServlet        : Initializing Servlet 'dispatcherServlet'
2020-10-05 19:53:02.763  INFO 6100 --- [http-nio-8084-exec-10] o.s.web.servlet.DispatcherServlet        : Completed initialization in 10 ms
2020-10-05 19:53:02.771  INFO 6100 --- [http-nio-8084-exec-10] io.chetan.controller.InMateController    : 
 IC -searchInMateByPhoneNumberAndPassword - with phone = 
1234567890
  psw = 
 1
2020-10-05 19:53:02.772  INFO 6100 --- [http-nio-8084-exec-10] io.chetan.service.InMateService          : 
 I.service -searchInMateByPhoneNumberAndPassword - with phone = 
1234567890
  psw = 
 1
2020-10-05 19:53:44.322  INFO 6100 --- [http-nio-8084-exec-9] io.chetan.controller.InMateController    : 
 IC -searchInMateByPhoneNumberAndPassword - with phone = 
2222222222
  psw = 
 1
2020-10-05 19:53:44.323  INFO 6100 --- [http-nio-8084-exec-9] io.chetan.service.InMateService          : 
 I.service -searchInMateByPhoneNumberAndPassword - with phone = 
2222222222
  psw = 
 1
2020-10-05 19:53:52.259  INFO 6100 --- [http-nio-8084-exec-8] io.chetan.controller.InMateController    : 
 IC -searchInMateByPhoneNumberAndPassword - with phone = 
1234567890
  psw = 
 1
2020-10-05 19:53:52.260  INFO 6100 --- [http-nio-8084-exec-8] io.chetan.service.InMateService          : 
 I.service -searchInMateByPhoneNumberAndPassword - with phone = 
1234567890
  psw = 
 1
2020-10-05 19:54:11.143 ERROR 6100 --- [http-nio-8084-exec-7] o.a.c.c.C.[.[.[/].[dispatcherServlet]    : Servlet.service() for servlet [dispatcherServlet] in context with path [] threw exception [Request processing failed; nested exception is java.lang.IllegalStateException: Ambiguous handler methods mapped for '/inMate/find/2': {public io.chetan.model.InMate io.chetan.controller.InMateController.findById(long), public boolean io.chetan.controller.InMateController.isInMateExist(java.lang.String)}] with root cause

java.lang.IllegalStateException: Ambiguous handler methods mapped for '/inMate/find/2': {public io.chetan.model.InMate io.chetan.controller.InMateController.findById(long), public boolean io.chetan.controller.InMateController.isInMateExist(java.lang.String)}
	at org.springframework.web.servlet.handler.AbstractHandlerMethodMapping.lookupHandlerMethod(AbstractHandlerMethodMapping.java:413) ~[spring-webmvc-5.2.5.RELEASE.jar:5.2.5.RELEASE]
	at org.springframework.web.servlet.handler.AbstractHandlerMethodMapping.getHandlerInternal(AbstractHandlerMethodMapping.java:367) ~[spring-webmvc-5.2.5.RELEASE.jar:5.2.5.RELEASE]
	at org.springframework.web.servlet.mvc.method.RequestMappingInfoHandlerMapping.getHandlerInternal(RequestMappingInfoHandlerMapping.java:110) ~[spring-webmvc-5.2.5.RELEASE.jar:5.2.5.RELEASE]
	at org.springframework.web.servlet.mvc.method.RequestMappingInfoHandlerMapping.getHandlerInternal(RequestMappingInfoHandlerMapping.java:59) ~[spring-webmvc-5.2.5.RELEASE.jar:5.2.5.RELEASE]
	at org.springframework.web.servlet.handler.AbstractHandlerMapping.getHandler(AbstractHandlerMapping.java:395) ~[spring-webmvc-5.2.5.RELEASE.jar:5.2.5.RELEASE]
	at org.springframework.web.servlet.DispatcherServlet.getHandler(DispatcherServlet.java:1234) ~[spring-webmvc-5.2.5.RELEASE.jar:5.2.5.RELEASE]
	at org.springframework.web.servlet.DispatcherServlet.doDispatch(DispatcherServlet.java:1016) ~[spring-webmvc-5.2.5.RELEASE.jar:5.2.5.RELEASE]
	at org.springframework.web.servlet.DispatcherServlet.doService(DispatcherServlet.java:943) ~[spring-webmvc-5.2.5.RELEASE.jar:5.2.5.RELEASE]
	at org.springframework.web.servlet.FrameworkServlet.processRequest(FrameworkServlet.java:1006) ~[spring-webmvc-5.2.5.RELEASE.jar:5.2.5.RELEASE]
	at org.springframework.web.servlet.FrameworkServlet.doGet(FrameworkServlet.java:898) ~[spring-webmvc-5.2.5.RELEASE.jar:5.2.5.RELEASE]
	at javax.servlet.http.HttpServlet.service(HttpServlet.java:634) ~[tomcat-embed-core-9.0.33.jar:9.0.33]
	at org.springframework.web.servlet.FrameworkServlet.service(FrameworkServlet.java:883) ~[spring-webmvc-5.2.5.RELEASE.jar:5.2.5.RELEASE]
	at javax.servlet.http.HttpServlet.service(HttpServlet.java:741) ~[tomcat-embed-core-9.0.33.jar:9.0.33]
	at org.apache.catalina.core.ApplicationFilterChain.internalDoFilter(ApplicationFilterChain.java:231) ~[tomcat-embed-core-9.0.33.jar:9.0.33]
	at org.apache.catalina.core.ApplicationFilterChain.doFilter(ApplicationFilterChain.java:166) ~[tomcat-embed-core-9.0.33.jar:9.0.33]
	at org.apache.tomcat.websocket.server.WsFilter.doFilter(WsFilter.java:53) ~[tomcat-embed-websocket-9.0.33.jar:9.0.33]
	at org.apache.catalina.core.ApplicationFilterChain.internalDoFilter(ApplicationFilterChain.java:193) ~[tomcat-embed-core-9.0.33.jar:9.0.33]
	at org.apache.catalina.core.ApplicationFilterChain.doFilter(ApplicationFilterChain.java:166) ~[tomcat-embed-core-9.0.33.jar:9.0.33]
	at org.springframework.web.filter.RequestContextFilter.doFilterInternal(RequestContextFilter.java:100) ~[spring-web-5.2.5.RELEASE.jar:5.2.5.RELEASE]
	at org.springframework.web.filter.OncePerRequestFilter.doFilter(OncePerRequestFilter.java:119) ~[spring-web-5.2.5.RELEASE.jar:5.2.5.RELEASE]
	at org.apache.catalina.core.ApplicationFilterChain.internalDoFilter(ApplicationFilterChain.java:193) ~[tomcat-embed-core-9.0.33.jar:9.0.33]
	at org.apache.catalina.core.ApplicationFilterChain.doFilter(ApplicationFilterChain.java:166) ~[tomcat-embed-core-9.0.33.jar:9.0.33]
	at org.springframework.web.filter.FormContentFilter.doFilterInternal(FormContentFilter.java:93) ~[spring-web-5.2.5.RELEASE.jar:5.2.5.RELEASE]
	at org.springframework.web.filter.OncePerRequestFilter.doFilter(OncePerRequestFilter.java:119) ~[spring-web-5.2.5.RELEASE.jar:5.2.5.RELEASE]
	at org.apache.catalina.core.ApplicationFilterChain.internalDoFilter(ApplicationFilterChain.java:193) ~[tomcat-embed-core-9.0.33.jar:9.0.33]
	at org.apache.catalina.core.ApplicationFilterChain.doFilter(ApplicationFilterChain.java:166) ~[tomcat-embed-core-9.0.33.jar:9.0.33]
	at org.springframework.web.filter.CharacterEncodingFilter.doFilterInternal(CharacterEncodingFilter.java:201) ~[spring-web-5.2.5.RELEASE.jar:5.2.5.RELEASE]
	at org.springframework.web.filter.OncePerRequestFilter.doFilter(OncePerRequestFilter.java:119) ~[spring-web-5.2.5.RELEASE.jar:5.2.5.RELEASE]
	at org.apache.catalina.core.ApplicationFilterChain.internalDoFilter(ApplicationFilterChain.java:193) ~[tomcat-embed-core-9.0.33.jar:9.0.33]
	at org.apache.catalina.core.ApplicationFilterChain.doFilter(ApplicationFilterChain.java:166) ~[tomcat-embed-core-9.0.33.jar:9.0.33]
	at org.apache.catalina.core.StandardWrapperValve.invoke(StandardWrapperValve.java:202) ~[tomcat-embed-core-9.0.33.jar:9.0.33]
	at org.apache.catalina.core.StandardContextValve.invoke(StandardContextValve.java:96) [tomcat-embed-core-9.0.33.jar:9.0.33]
	at org.apache.catalina.authenticator.AuthenticatorBase.invoke(AuthenticatorBase.java:541) [tomcat-embed-core-9.0.33.jar:9.0.33]
	at org.apache.catalina.core.StandardHostValve.invoke(StandardHostValve.java:139) [tomcat-embed-core-9.0.33.jar:9.0.33]
	at org.apache.catalina.valves.ErrorReportValve.invoke(ErrorReportValve.java:92) [tomcat-embed-core-9.0.33.jar:9.0.33]
	at org.apache.catalina.core.StandardEngineValve.invoke(StandardEngineValve.java:74) [tomcat-embed-core-9.0.33.jar:9.0.33]
	at org.apache.catalina.connector.CoyoteAdapter.service(CoyoteAdapter.java:343) [tomcat-embed-core-9.0.33.jar:9.0.33]
	at org.apache.coyote.http11.Http11Processor.service(Http11Processor.java:373) [tomcat-embed-core-9.0.33.jar:9.0.33]
	at org.apache.coyote.AbstractProcessorLight.process(AbstractProcessorLight.java:65) [tomcat-embed-core-9.0.33.jar:9.0.33]
	at org.apache.coyote.AbstractProtocol$ConnectionHandler.process(AbstractProtocol.java:868) [tomcat-embed-core-9.0.33.jar:9.0.33]
	at org.apache.tomcat.util.net.NioEndpoint$SocketProcessor.doRun(NioEndpoint.java:1594) [tomcat-embed-core-9.0.33.jar:9.0.33]
	at org.apache.tomcat.util.net.SocketProcessorBase.run(SocketProcessorBase.java:49) [tomcat-embed-core-9.0.33.jar:9.0.33]
	at java.util.concurrent.ThreadPoolExecutor.runWorker(ThreadPoolExecutor.java:1149) [na:1.8.0_241]
	at java.util.concurrent.ThreadPoolExecutor$Worker.run(ThreadPoolExecutor.java:624) [na:1.8.0_241]
	at org.apache.tomcat.util.threads.TaskThread$WrappingRunnable.run(TaskThread.java:61) [tomcat-embed-core-9.0.33.jar:9.0.33]
	at java.lang.Thread.run(Thread.java:748) [na:1.8.0_241]

